2023-05-23 09:58:30,714 INFO org.springframework.boot.StartupInfoLogger [restartedMain] Starting RaithannaDairyApplication using Java 17.0.7 on Raam with PID 3688 (C:\Users\devas\Downloads\PO-Modules-main (1)\PO-Modules-main\target\classes started by devas in C:\Users\devas\Downloads\PO-Modules-main (1)\PO-Modules-main)
2023-05-23 09:58:30,728 INFO org.springframework.boot.SpringApplication [restartedMain] No active profile set, falling back to 1 default profile: "default"
2023-05-23 09:58:30,794 INFO org.springframework.boot.logging.DeferredLog [restartedMain] Devtools property defaults active! Set 'spring.devtools.add-properties' to 'false' to disable
2023-05-23 09:58:30,795 INFO org.springframework.boot.logging.DeferredLog [restartedMain] For additional web related logging consider setting the 'logging.level.web' property to 'DEBUG'
2023-05-23 09:58:31,879 INFO org.springframework.data.repository.config.RepositoryConfigurationDelegate [restartedMain] Multiple Spring Data modules found, entering strict repository configuration mode
2023-05-23 09:58:31,882 INFO org.springframework.data.repository.config.RepositoryConfigurationDelegate [restartedMain] Bootstrapping Spring Data JPA repositories in DEFAULT mode.
2023-05-23 09:58:32,095 INFO org.springframework.data.repository.config.RepositoryConfigurationDelegate [restartedMain] Finished Spring Data repository scanning in 200 ms. Found 14 JPA repository interfaces.
2023-05-23 09:58:33,052 INFO org.springframework.boot.web.embedded.tomcat.TomcatWebServer [restartedMain] Tomcat initialized with port(s): 9191 (http)
2023-05-23 09:58:33,065 INFO org.apache.juli.logging.DirectJDKLog [restartedMain] Initializing ProtocolHandler ["http-nio-192.168.29.119-9191"]
2023-05-23 09:58:33,065 INFO org.apache.juli.logging.DirectJDKLog [restartedMain] Starting service [Tomcat]
2023-05-23 09:58:33,066 INFO org.apache.juli.logging.DirectJDKLog [restartedMain] Starting Servlet engine: [Apache Tomcat/9.0.68]
2023-05-23 09:58:33,470 INFO org.apache.juli.logging.DirectJDKLog [restartedMain] Initializing Spring embedded WebApplicationContext
2023-05-23 09:58:33,470 INFO org.springframework.boot.web.servlet.context.ServletWebServerApplicationContext [restartedMain] Root WebApplicationContext: initialization completed in 2673 ms
2023-05-23 09:58:33,602 INFO com.zaxxer.hikari.HikariDataSource [restartedMain] HikariPool-1 - Starting...
2023-05-23 09:58:34,034 INFO com.zaxxer.hikari.HikariDataSource [restartedMain] HikariPool-1 - Start completed.
2023-05-23 09:58:34,220 INFO org.hibernate.jpa.internal.util.LogHelper [restartedMain] HHH000204: Processing PersistenceUnitInfo [name: default]
2023-05-23 09:58:34,373 INFO org.hibernate.Version [restartedMain] HHH000412: Hibernate ORM core version 5.6.12.Final
2023-05-23 09:58:34,572 INFO org.hibernate.annotations.common.reflection.java.JavaReflectionManager [restartedMain] HCANN000001: Hibernate Commons Annotations {5.1.2.Final}
2023-05-23 09:58:34,729 INFO org.hibernate.dialect.Dialect [restartedMain] HHH000400: Using dialect: org.hibernate.dialect.MySQL5InnoDBDialect
2023-05-23 09:58:35,774 INFO org.hibernate.engine.transaction.jta.platform.internal.JtaPlatformInitiator [restartedMain] HHH000490: Using JtaPlatform implementation: [org.hibernate.engine.transaction.jta.platform.internal.NoJtaPlatform]
2023-05-23 09:58:35,782 INFO org.springframework.orm.jpa.AbstractEntityManagerFactoryBean [restartedMain] Initialized JPA EntityManagerFactory for persistence unit 'default'
2023-05-23 09:58:36,668 WARN org.springframework.boot.autoconfigure.orm.jpa.JpaBaseConfiguration$JpaWebConfiguration [restartedMain] spring.jpa.open-in-view is enabled by default. Therefore, database queries may be performed during view rendering. Explicitly configure spring.jpa.open-in-view to disable this warning
2023-05-23 09:58:37,146 INFO com.azure.core.util.logging.ClientLogger [restartedMain] Package versions: jackson-core=2.13.4, jackson-databind=2.13.4-2, jackson-dataformat-xml=2.13.4, jackson-datatype-jsr310=2.13.4, azure-core=1.32.0, Troubleshooting version conflicts: https://aka.ms/azsdk/java/dependency/troubleshoot
2023-05-23 09:58:37,280 INFO com.azure.spring.cloud.core.implementation.factory.AbstractAzureServiceClientBuilderFactory [restartedMain] Will configure the default credential of type DefaultAzureCredential for class com.azure.identity.DefaultAzureCredentialBuilder.
2023-05-23 09:58:37,573 INFO org.springframework.boot.devtools.autoconfigure.OptionalLiveReloadServer [restartedMain] LiveReload server is running on port 35729
2023-05-23 09:58:37,588 INFO org.apache.juli.logging.DirectJDKLog [restartedMain] Starting ProtocolHandler ["http-nio-192.168.29.119-9191"]
2023-05-23 09:58:37,611 INFO org.springframework.boot.web.embedded.tomcat.TomcatWebServer [restartedMain] Tomcat started on port(s): 9191 (http) with context path ''
2023-05-23 09:58:37,624 INFO org.springframework.scheduling.annotation.ScheduledAnnotationBeanPostProcessor [restartedMain] No TaskScheduler/ScheduledExecutorService bean found for scheduled processing
2023-05-23 09:58:37,635 INFO org.springframework.boot.StartupInfoLogger [restartedMain] Started RaithannaDairyApplication in 7.357 seconds (JVM running for 8.766)
2023-05-23 10:07:48,002 INFO org.apache.juli.logging.DirectJDKLog [http-nio-192.168.29.119-9191-exec-1] Initializing Spring DispatcherServlet 'dispatcherServlet'
2023-05-23 10:07:48,012 INFO org.springframework.web.servlet.FrameworkServlet [http-nio-192.168.29.119-9191-exec-1] Initializing Servlet 'dispatcherServlet'
2023-05-23 10:07:48,063 INFO org.springframework.web.servlet.FrameworkServlet [http-nio-192.168.29.119-9191-exec-1] Completed initialization in 50 ms
2023-05-23 10:48:07,429 INFO org.springframework.orm.jpa.AbstractEntityManagerFactoryBean [SpringApplicationShutdownHook] Closing JPA EntityManagerFactory for persistence unit 'default'
2023-05-23 10:48:07,450 INFO com.zaxxer.hikari.HikariDataSource [SpringApplicationShutdownHook] HikariPool-1 - Shutdown initiated...
2023-05-23 10:48:07,459 INFO com.zaxxer.hikari.HikariDataSource [SpringApplicationShutdownHook] HikariPool-1 - Shutdown completed.
2023-05-23 10:48:15,322 INFO org.springframework.boot.StartupInfoLogger [restartedMain] Starting RaithannaDairyApplication using Java 17.0.7 on Raam with PID 23912 (C:\Users\devas\Downloads\PO-Modules-main (1)\PO-Modules-main\target\classes started by devas in C:\Users\devas\Downloads\PO-Modules-main (1)\PO-Modules-main)
2023-05-23 10:48:15,326 INFO org.springframework.boot.SpringApplication [restartedMain] No active profile set, falling back to 1 default profile: "default"
2023-05-23 10:48:15,382 INFO org.springframework.boot.logging.DeferredLog [restartedMain] Devtools property defaults active! Set 'spring.devtools.add-properties' to 'false' to disable
2023-05-23 10:48:15,382 INFO org.springframework.boot.logging.DeferredLog [restartedMain] For additional web related logging consider setting the 'logging.level.web' property to 'DEBUG'
2023-05-23 10:48:16,334 INFO org.springframework.data.repository.config.RepositoryConfigurationDelegate [restartedMain] Multiple Spring Data modules found, entering strict repository configuration mode
2023-05-23 10:48:16,336 INFO org.springframework.data.repository.config.RepositoryConfigurationDelegate [restartedMain] Bootstrapping Spring Data JPA repositories in DEFAULT mode.
2023-05-23 10:48:16,537 INFO org.springframework.data.repository.config.RepositoryConfigurationDelegate [restartedMain] Finished Spring Data repository scanning in 190 ms. Found 14 JPA repository interfaces.
2023-05-23 10:48:17,368 INFO org.springframework.boot.web.embedded.tomcat.TomcatWebServer [restartedMain] Tomcat initialized with port(s): 9191 (http)
2023-05-23 10:48:17,378 INFO org.apache.juli.logging.DirectJDKLog [restartedMain] Initializing ProtocolHandler ["http-nio-192.168.29.119-9191"]
2023-05-23 10:48:17,379 INFO org.apache.juli.logging.DirectJDKLog [restartedMain] Starting service [Tomcat]
2023-05-23 10:48:17,379 INFO org.apache.juli.logging.DirectJDKLog [restartedMain] Starting Servlet engine: [Apache Tomcat/9.0.68]
2023-05-23 10:48:17,824 INFO org.apache.juli.logging.DirectJDKLog [restartedMain] Initializing Spring embedded WebApplicationContext
2023-05-23 10:48:17,825 INFO org.springframework.boot.web.servlet.context.ServletWebServerApplicationContext [restartedMain] Root WebApplicationContext: initialization completed in 2442 ms
2023-05-23 10:48:17,972 INFO com.zaxxer.hikari.HikariDataSource [restartedMain] HikariPool-1 - Starting...
2023-05-23 10:48:18,402 INFO com.zaxxer.hikari.HikariDataSource [restartedMain] HikariPool-1 - Start completed.
2023-05-23 10:48:18,633 INFO org.hibernate.jpa.internal.util.LogHelper [restartedMain] HHH000204: Processing PersistenceUnitInfo [name: default]
2023-05-23 10:48:18,729 INFO org.hibernate.Version [restartedMain] HHH000412: Hibernate ORM core version 5.6.12.Final
2023-05-23 10:48:18,939 INFO org.hibernate.annotations.common.reflection.java.JavaReflectionManager [restartedMain] HCANN000001: Hibernate Commons Annotations {5.1.2.Final}
2023-05-23 10:48:19,115 INFO org.hibernate.dialect.Dialect [restartedMain] HHH000400: Using dialect: org.hibernate.dialect.MySQL5InnoDBDialect
2023-05-23 10:48:20,002 INFO org.hibernate.engine.transaction.jta.platform.internal.JtaPlatformInitiator [restartedMain] HHH000490: Using JtaPlatform implementation: [org.hibernate.engine.transaction.jta.platform.internal.NoJtaPlatform]
2023-05-23 10:48:20,011 INFO org.springframework.orm.jpa.AbstractEntityManagerFactoryBean [restartedMain] Initialized JPA EntityManagerFactory for persistence unit 'default'
2023-05-23 10:48:20,775 WARN org.springframework.boot.autoconfigure.orm.jpa.JpaBaseConfiguration$JpaWebConfiguration [restartedMain] spring.jpa.open-in-view is enabled by default. Therefore, database queries may be performed during view rendering. Explicitly configure spring.jpa.open-in-view to disable this warning
2023-05-23 10:48:21,252 INFO com.azure.core.util.logging.ClientLogger [restartedMain] Package versions: jackson-core=2.13.4, jackson-databind=2.13.4-2, jackson-dataformat-xml=2.13.4, jackson-datatype-jsr310=2.13.4, azure-core=1.32.0, Troubleshooting version conflicts: https://aka.ms/azsdk/java/dependency/troubleshoot
2023-05-23 10:48:21,368 INFO com.azure.spring.cloud.core.implementation.factory.AbstractAzureServiceClientBuilderFactory [restartedMain] Will configure the default credential of type DefaultAzureCredential for class com.azure.identity.DefaultAzureCredentialBuilder.
2023-05-23 10:48:21,682 INFO org.springframework.boot.devtools.autoconfigure.OptionalLiveReloadServer [restartedMain] LiveReload server is running on port 35729
2023-05-23 10:48:21,695 INFO org.apache.juli.logging.DirectJDKLog [restartedMain] Starting ProtocolHandler ["http-nio-192.168.29.119-9191"]
2023-05-23 10:48:21,721 INFO org.springframework.boot.web.embedded.tomcat.TomcatWebServer [restartedMain] Tomcat started on port(s): 9191 (http) with context path ''
2023-05-23 10:48:21,732 INFO org.springframework.scheduling.annotation.ScheduledAnnotationBeanPostProcessor [restartedMain] No TaskScheduler/ScheduledExecutorService bean found for scheduled processing
2023-05-23 10:48:21,744 INFO org.springframework.boot.StartupInfoLogger [restartedMain] Started RaithannaDairyApplication in 6.846 seconds (JVM running for 8.052)
2023-05-23 11:17:40,794 WARN com.zaxxer.hikari.pool.HikariPool$HouseKeeper [HikariPool-1 housekeeper] HikariPool-1 - Thread starvation or clock leap detected (housekeeper delta=11m51s995ms861µs700ns).
2023-05-23 12:11:56,118 INFO org.apache.juli.logging.DirectJDKLog [http-nio-192.168.29.119-9191-exec-1] Initializing Spring DispatcherServlet 'dispatcherServlet'
2023-05-23 12:11:56,129 INFO org.springframework.web.servlet.FrameworkServlet [http-nio-192.168.29.119-9191-exec-1] Initializing Servlet 'dispatcherServlet'
2023-05-23 12:11:56,201 INFO org.springframework.web.servlet.FrameworkServlet [http-nio-192.168.29.119-9191-exec-1] Completed initialization in 72 ms
2023-05-23 12:28:09,158 INFO com.raithanna.dairy.RaithannaDairy.controller.homeContoller [http-nio-192.168.29.119-9191-exec-1] home method info
2023-05-23 12:28:09,159 WARN com.raithanna.dairy.RaithannaDairy.controller.homeContoller [http-nio-192.168.29.119-9191-exec-1] home method warning
2023-05-23 12:28:09,159 ERROR com.raithanna.dairy.RaithannaDairy.controller.homeContoller [http-nio-192.168.29.119-9191-exec-1] home method error
2023-05-23 12:32:11,718 ERROR org.apache.juli.logging.DirectJDKLog [http-nio-192.168.29.119-9191-exec-9] Servlet.service() for servlet [dispatcherServlet] in context with path [] threw exception [Request processing failed; nested exception is java.lang.NullPointerException: Cannot invoke "String.trim()" because "in" is null] with root cause
java.lang.NullPointerException: Cannot invoke "String.trim()" because "in" is null
	at java.base/jdk.internal.math.FloatingDecimal.readJavaFormatString(FloatingDecimal.java:1838)
	at java.base/jdk.internal.math.FloatingDecimal.parseDouble(FloatingDecimal.java:110)
	at java.base/java.lang.Double.parseDouble(Double.java:651)
	at com.raithanna.dairy.RaithannaDairy.controller.orderController.getproductRatesByCustcode(orderController.java:79)
	at java.base/jdk.internal.reflect.NativeMethodAccessorImpl.invoke0(Native Method)
	at java.base/jdk.internal.reflect.NativeMethodAccessorImpl.invoke(NativeMethodAccessorImpl.java:77)
	at java.base/jdk.internal.reflect.DelegatingMethodAccessorImpl.invoke(DelegatingMethodAccessorImpl.java:43)
	at java.base/java.lang.reflect.Method.invoke(Method.java:568)
	at org.springframework.web.method.support.InvocableHandlerMethod.doInvoke(InvocableHandlerMethod.java:205)
	at org.springframework.web.method.support.InvocableHandlerMethod.invokeForRequest(InvocableHandlerMethod.java:150)
	at org.springframework.web.servlet.mvc.method.annotation.ServletInvocableHandlerMethod.invokeAndHandle(ServletInvocableHandlerMethod.java:117)
	at org.springframework.web.servlet.mvc.method.annotation.RequestMappingHandlerAdapter.invokeHandlerMethod(RequestMappingHandlerAdapter.java:895)
	at org.springframework.web.servlet.mvc.method.annotation.RequestMappingHandlerAdapter.handleInternal(RequestMappingHandlerAdapter.java:808)
	at org.springframework.web.servlet.mvc.method.AbstractHandlerMethodAdapter.handle(AbstractHandlerMethodAdapter.java:87)
	at org.springframework.web.servlet.DispatcherServlet.doDispatch(DispatcherServlet.java:1071)
	at org.springframework.web.servlet.DispatcherServlet.doService(DispatcherServlet.java:964)
	at org.springframework.web.servlet.FrameworkServlet.processRequest(FrameworkServlet.java:1006)
	at org.springframework.web.servlet.FrameworkServlet.doPost(FrameworkServlet.java:909)
	at javax.servlet.http.HttpServlet.service(HttpServlet.java:696)
	at org.springframework.web.servlet.FrameworkServlet.service(FrameworkServlet.java:883)
	at javax.servlet.http.HttpServlet.service(HttpServlet.java:779)
	at org.apache.catalina.core.ApplicationFilterChain.internalDoFilter(ApplicationFilterChain.java:227)
	at org.apache.catalina.core.ApplicationFilterChain.doFilter(ApplicationFilterChain.java:162)
	at org.apache.tomcat.websocket.server.WsFilter.doFilter(WsFilter.java:53)
	at org.apache.catalina.core.ApplicationFilterChain.internalDoFilter(ApplicationFilterChain.java:189)
	at org.apache.catalina.core.ApplicationFilterChain.doFilter(ApplicationFilterChain.java:162)
	at org.springframework.web.filter.RequestContextFilter.doFilterInternal(RequestContextFilter.java:100)
	at org.springframework.web.filter.OncePerRequestFilter.doFilter(OncePerRequestFilter.java:117)
	at org.apache.catalina.core.ApplicationFilterChain.internalDoFilter(ApplicationFilterChain.java:189)
	at org.apache.catalina.core.ApplicationFilterChain.doFilter(ApplicationFilterChain.java:162)
	at org.springframework.web.filter.FormContentFilter.doFilterInternal(FormContentFilter.java:93)
	at org.springframework.web.filter.OncePerRequestFilter.doFilter(OncePerRequestFilter.java:117)
	at org.apache.catalina.core.ApplicationFilterChain.internalDoFilter(ApplicationFilterChain.java:189)
	at org.apache.catalina.core.ApplicationFilterChain.doFilter(ApplicationFilterChain.java:162)
	at org.springframework.session.web.http.SessionRepositoryFilter.doFilterInternal(SessionRepositoryFilter.java:142)
	at org.springframework.session.web.http.OncePerRequestFilter.doFilter(OncePerRequestFilter.java:82)
	at org.apache.catalina.core.ApplicationFilterChain.internalDoFilter(ApplicationFilterChain.java:189)
	at org.apache.catalina.core.ApplicationFilterChain.doFilter(ApplicationFilterChain.java:162)
	at org.springframework.web.filter.CharacterEncodingFilter.doFilterInternal(CharacterEncodingFilter.java:201)
	at org.springframework.web.filter.OncePerRequestFilter.doFilter(OncePerRequestFilter.java:117)
	at org.apache.catalina.core.ApplicationFilterChain.internalDoFilter(ApplicationFilterChain.java:189)
	at org.apache.catalina.core.ApplicationFilterChain.doFilter(ApplicationFilterChain.java:162)
	at org.apache.catalina.core.StandardWrapperValve.invoke(StandardWrapperValve.java:197)
	at org.apache.catalina.core.StandardContextValve.invoke(StandardContextValve.java:97)
	at org.apache.catalina.authenticator.AuthenticatorBase.invoke(AuthenticatorBase.java:541)
	at org.apache.catalina.core.StandardHostValve.invoke(StandardHostValve.java:135)
	at org.apache.catalina.valves.ErrorReportValve.invoke(ErrorReportValve.java:92)
	at org.apache.catalina.core.StandardEngineValve.invoke(StandardEngineValve.java:78)
	at org.apache.catalina.connector.CoyoteAdapter.service(CoyoteAdapter.java:360)
	at org.apache.coyote.http11.Http11Processor.service(Http11Processor.java:399)
	at org.apache.coyote.AbstractProcessorLight.process(AbstractProcessorLight.java:65)
	at org.apache.coyote.AbstractProtocol$ConnectionHandler.process(AbstractProtocol.java:893)
	at org.apache.tomcat.util.net.NioEndpoint$SocketProcessor.doRun(NioEndpoint.java:1789)
	at org.apache.tomcat.util.net.SocketProcessorBase.run(SocketProcessorBase.java:49)
	at org.apache.tomcat.util.threads.ThreadPoolExecutor.runWorker(ThreadPoolExecutor.java:1191)
	at org.apache.tomcat.util.threads.ThreadPoolExecutor$Worker.run(ThreadPoolExecutor.java:659)
	at org.apache.tomcat.util.threads.TaskThread$WrappingRunnable.run(TaskThread.java:61)
	at java.base/java.lang.Thread.run(Thread.java:833)
2023-05-23 13:17:11,524 WARN com.zaxxer.hikari.pool.HikariPool$HouseKeeper [HikariPool-1 housekeeper] HikariPool-1 - Thread starvation or clock leap detected (housekeeper delta=5m28s778ms304µs500ns).
2023-05-23 13:34:37,384 WARN com.zaxxer.hikari.pool.HikariPool$HouseKeeper [HikariPool-1 housekeeper] HikariPool-1 - Thread starvation or clock leap detected (housekeeper delta=11m25s763ms918µs701ns).
2023-05-23 14:11:34,430 WARN com.zaxxer.hikari.pool.HikariPool$HouseKeeper [HikariPool-1 housekeeper] HikariPool-1 - Thread starvation or clock leap detected (housekeeper delta=33m57s14ms51µs400ns).
2023-05-23 15:21:55,102 WARN com.zaxxer.hikari.pool.HikariPool$HouseKeeper [HikariPool-1 housekeeper] HikariPool-1 - Thread starvation or clock leap detected (housekeeper delta=49s579ms256µs300ns).
2023-05-23 16:26:51,676 INFO org.springframework.boot.StartupInfoLogger [restartedMain] Starting RaithannaDairyApplication using Java 17.0.7 on Raam with PID 18848 (C:\Users\devas\Downloads\PO-Modules-main (1)\PO-Modules-main\target\classes started by devas in C:\Users\devas\Downloads\PO-Modules-main (1)\PO-Modules-main)
2023-05-23 16:26:51,682 INFO org.springframework.boot.SpringApplication [restartedMain] No active profile set, falling back to 1 default profile: "default"
2023-05-23 16:26:51,802 INFO org.springframework.boot.logging.DeferredLog [restartedMain] Devtools property defaults active! Set 'spring.devtools.add-properties' to 'false' to disable
2023-05-23 16:26:51,805 INFO org.springframework.boot.logging.DeferredLog [restartedMain] For additional web related logging consider setting the 'logging.level.web' property to 'DEBUG'
2023-05-23 16:26:53,324 INFO org.springframework.data.repository.config.RepositoryConfigurationDelegate [restartedMain] Multiple Spring Data modules found, entering strict repository configuration mode
2023-05-23 16:26:53,327 INFO org.springframework.data.repository.config.RepositoryConfigurationDelegate [restartedMain] Bootstrapping Spring Data JPA repositories in DEFAULT mode.
2023-05-23 16:26:53,693 INFO org.springframework.data.repository.config.RepositoryConfigurationDelegate [restartedMain] Finished Spring Data repository scanning in 352 ms. Found 14 JPA repository interfaces.
2023-05-23 16:26:55,061 INFO org.springframework.boot.web.embedded.tomcat.TomcatWebServer [restartedMain] Tomcat initialized with port(s): 9191 (http)
2023-05-23 16:26:55,090 INFO org.apache.juli.logging.DirectJDKLog [restartedMain] Initializing ProtocolHandler ["http-nio-192.168.29.119-9191"]
2023-05-23 16:26:55,091 INFO org.apache.juli.logging.DirectJDKLog [restartedMain] Starting service [Tomcat]
2023-05-23 16:26:55,091 INFO org.apache.juli.logging.DirectJDKLog [restartedMain] Starting Servlet engine: [Apache Tomcat/9.0.68]
2023-05-23 16:26:55,945 INFO org.apache.juli.logging.DirectJDKLog [restartedMain] Initializing Spring embedded WebApplicationContext
2023-05-23 16:26:55,946 INFO org.springframework.boot.web.servlet.context.ServletWebServerApplicationContext [restartedMain] Root WebApplicationContext: initialization completed in 4139 ms
2023-05-23 16:26:56,174 INFO com.zaxxer.hikari.HikariDataSource [restartedMain] HikariPool-1 - Starting...
2023-05-23 16:26:57,015 INFO com.zaxxer.hikari.HikariDataSource [restartedMain] HikariPool-1 - Start completed.
2023-05-23 16:26:57,436 INFO org.hibernate.jpa.internal.util.LogHelper [restartedMain] HHH000204: Processing PersistenceUnitInfo [name: default]
2023-05-23 16:26:57,550 INFO org.hibernate.Version [restartedMain] HHH000412: Hibernate ORM core version 5.6.12.Final
2023-05-23 16:26:57,958 INFO org.hibernate.annotations.common.reflection.java.JavaReflectionManager [restartedMain] HCANN000001: Hibernate Commons Annotations {5.1.2.Final}
2023-05-23 16:26:58,215 INFO org.hibernate.dialect.Dialect [restartedMain] HHH000400: Using dialect: org.hibernate.dialect.MySQL5InnoDBDialect
2023-05-23 16:26:59,582 INFO org.hibernate.engine.transaction.jta.platform.internal.JtaPlatformInitiator [restartedMain] HHH000490: Using JtaPlatform implementation: [org.hibernate.engine.transaction.jta.platform.internal.NoJtaPlatform]
2023-05-23 16:26:59,599 INFO org.springframework.orm.jpa.AbstractEntityManagerFactoryBean [restartedMain] Initialized JPA EntityManagerFactory for persistence unit 'default'
2023-05-23 16:27:00,892 WARN org.springframework.boot.autoconfigure.orm.jpa.JpaBaseConfiguration$JpaWebConfiguration [restartedMain] spring.jpa.open-in-view is enabled by default. Therefore, database queries may be performed during view rendering. Explicitly configure spring.jpa.open-in-view to disable this warning
2023-05-23 16:27:01,644 INFO com.azure.core.util.logging.ClientLogger [restartedMain] Package versions: jackson-core=2.13.4, jackson-databind=2.13.4-2, jackson-dataformat-xml=2.13.4, jackson-datatype-jsr310=2.13.4, azure-core=1.32.0, Troubleshooting version conflicts: https://aka.ms/azsdk/java/dependency/troubleshoot
2023-05-23 16:27:01,806 INFO com.azure.spring.cloud.core.implementation.factory.AbstractAzureServiceClientBuilderFactory [restartedMain] Will configure the default credential of type DefaultAzureCredential for class com.azure.identity.DefaultAzureCredentialBuilder.
2023-05-23 16:27:02,298 INFO org.springframework.boot.devtools.autoconfigure.OptionalLiveReloadServer [restartedMain] LiveReload server is running on port 35729
2023-05-23 16:27:02,320 INFO org.apache.juli.logging.DirectJDKLog [restartedMain] Starting ProtocolHandler ["http-nio-192.168.29.119-9191"]
2023-05-23 16:27:02,371 INFO org.springframework.boot.web.embedded.tomcat.TomcatWebServer [restartedMain] Tomcat started on port(s): 9191 (http) with context path ''
2023-05-23 16:27:02,398 INFO org.springframework.scheduling.annotation.ScheduledAnnotationBeanPostProcessor [restartedMain] No TaskScheduler/ScheduledExecutorService bean found for scheduled processing
2023-05-23 16:27:02,422 INFO org.springframework.boot.StartupInfoLogger [restartedMain] Started RaithannaDairyApplication in 11.567 seconds (JVM running for 14.088)
2023-05-23 16:27:48,489 INFO org.apache.juli.logging.DirectJDKLog [http-nio-192.168.29.119-9191-exec-1] Initializing Spring DispatcherServlet 'dispatcherServlet'
2023-05-23 16:27:48,491 INFO org.springframework.web.servlet.FrameworkServlet [http-nio-192.168.29.119-9191-exec-1] Initializing Servlet 'dispatcherServlet'
2023-05-23 16:27:48,493 INFO org.springframework.web.servlet.FrameworkServlet [http-nio-192.168.29.119-9191-exec-1] Completed initialization in 2 ms
2023-05-23 16:36:06,003 INFO org.springframework.orm.jpa.AbstractEntityManagerFactoryBean [SpringApplicationShutdownHook] Closing JPA EntityManagerFactory for persistence unit 'default'
2023-05-23 16:36:06,017 INFO com.zaxxer.hikari.HikariDataSource [SpringApplicationShutdownHook] HikariPool-1 - Shutdown initiated...
2023-05-23 16:36:06,051 INFO com.zaxxer.hikari.HikariDataSource [SpringApplicationShutdownHook] HikariPool-1 - Shutdown completed.
2023-05-23 16:36:22,896 INFO org.springframework.boot.StartupInfoLogger [restartedMain] Starting RaithannaDairyApplication using Java 17.0.7 on Raam with PID 16708 (C:\Users\devas\Downloads\PO-Modules-main (1)\PO-Modules-main\target\classes started by devas in C:\Users\devas\Downloads\PO-Modules-main (1)\PO-Modules-main)
2023-05-23 16:36:22,912 INFO org.springframework.boot.SpringApplication [restartedMain] No active profile set, falling back to 1 default profile: "default"
2023-05-23 16:36:23,203 INFO org.springframework.boot.logging.DeferredLog [restartedMain] Devtools property defaults active! Set 'spring.devtools.add-properties' to 'false' to disable
2023-05-23 16:36:23,205 INFO org.springframework.boot.logging.DeferredLog [restartedMain] For additional web related logging consider setting the 'logging.level.web' property to 'DEBUG'
2023-05-23 16:36:28,575 INFO org.springframework.data.repository.config.RepositoryConfigurationDelegate [restartedMain] Multiple Spring Data modules found, entering strict repository configuration mode
2023-05-23 16:36:28,588 INFO org.springframework.data.repository.config.RepositoryConfigurationDelegate [restartedMain] Bootstrapping Spring Data JPA repositories in DEFAULT mode.
2023-05-23 16:36:29,590 INFO org.springframework.data.repository.config.RepositoryConfigurationDelegate [restartedMain] Finished Spring Data repository scanning in 956 ms. Found 14 JPA repository interfaces.
2023-05-23 16:36:33,200 INFO org.springframework.boot.web.embedded.tomcat.TomcatWebServer [restartedMain] Tomcat initialized with port(s): 9191 (http)
2023-05-23 16:36:33,264 INFO org.apache.juli.logging.DirectJDKLog [restartedMain] Initializing ProtocolHandler ["http-nio-192.168.29.119-9191"]
2023-05-23 16:36:33,268 INFO org.apache.juli.logging.DirectJDKLog [restartedMain] Starting service [Tomcat]
2023-05-23 16:36:33,272 INFO org.apache.juli.logging.DirectJDKLog [restartedMain] Starting Servlet engine: [Apache Tomcat/9.0.68]
2023-05-23 16:36:34,753 INFO org.apache.juli.logging.DirectJDKLog [restartedMain] Initializing Spring embedded WebApplicationContext
2023-05-23 16:36:34,757 INFO org.springframework.boot.web.servlet.context.ServletWebServerApplicationContext [restartedMain] Root WebApplicationContext: initialization completed in 11546 ms
2023-05-23 16:36:35,204 INFO com.zaxxer.hikari.HikariDataSource [restartedMain] HikariPool-1 - Starting...
2023-05-23 16:36:36,598 INFO com.zaxxer.hikari.HikariDataSource [restartedMain] HikariPool-1 - Start completed.
2023-05-23 16:36:37,248 INFO org.hibernate.jpa.internal.util.LogHelper [restartedMain] HHH000204: Processing PersistenceUnitInfo [name: default]
2023-05-23 16:36:37,587 INFO org.hibernate.Version [restartedMain] HHH000412: Hibernate ORM core version 5.6.12.Final
2023-05-23 16:36:38,441 INFO org.hibernate.annotations.common.reflection.java.JavaReflectionManager [restartedMain] HCANN000001: Hibernate Commons Annotations {5.1.2.Final}
2023-05-23 16:36:38,975 INFO org.hibernate.dialect.Dialect [restartedMain] HHH000400: Using dialect: org.hibernate.dialect.MySQL5InnoDBDialect
2023-05-23 16:36:42,576 INFO org.hibernate.engine.transaction.jta.platform.internal.JtaPlatformInitiator [restartedMain] HHH000490: Using JtaPlatform implementation: [org.hibernate.engine.transaction.jta.platform.internal.NoJtaPlatform]
2023-05-23 16:36:42,609 INFO org.springframework.orm.jpa.AbstractEntityManagerFactoryBean [restartedMain] Initialized JPA EntityManagerFactory for persistence unit 'default'
2023-05-23 16:36:45,360 WARN org.springframework.boot.autoconfigure.orm.jpa.JpaBaseConfiguration$JpaWebConfiguration [restartedMain] spring.jpa.open-in-view is enabled by default. Therefore, database queries may be performed during view rendering. Explicitly configure spring.jpa.open-in-view to disable this warning
2023-05-23 16:36:47,196 INFO com.azure.core.util.logging.ClientLogger [restartedMain] Package versions: jackson-core=2.13.4, jackson-databind=2.13.4-2, jackson-dataformat-xml=2.13.4, jackson-datatype-jsr310=2.13.4, azure-core=1.32.0, Troubleshooting version conflicts: https://aka.ms/azsdk/java/dependency/troubleshoot
2023-05-23 16:36:47,546 INFO com.azure.spring.cloud.core.implementation.factory.AbstractAzureServiceClientBuilderFactory [restartedMain] Will configure the default credential of type DefaultAzureCredential for class com.azure.identity.DefaultAzureCredentialBuilder.
2023-05-23 16:36:48,560 INFO org.springframework.boot.devtools.autoconfigure.OptionalLiveReloadServer [restartedMain] LiveReload server is running on port 35729
2023-05-23 16:36:48,613 INFO org.apache.juli.logging.DirectJDKLog [restartedMain] Starting ProtocolHandler ["http-nio-192.168.29.119-9191"]
2023-05-23 16:36:48,713 INFO org.springframework.boot.web.embedded.tomcat.TomcatWebServer [restartedMain] Tomcat started on port(s): 9191 (http) with context path ''
2023-05-23 16:36:48,758 INFO org.springframework.scheduling.annotation.ScheduledAnnotationBeanPostProcessor [restartedMain] No TaskScheduler/ScheduledExecutorService bean found for scheduled processing
2023-05-23 16:36:48,806 INFO org.springframework.boot.StartupInfoLogger [restartedMain] Started RaithannaDairyApplication in 27.884 seconds (JVM running for 33.505)
2023-05-23 16:36:51,077 INFO org.apache.juli.logging.DirectJDKLog [http-nio-192.168.29.119-9191-exec-2] Initializing Spring DispatcherServlet 'dispatcherServlet'
2023-05-23 16:36:51,078 INFO org.springframework.web.servlet.FrameworkServlet [http-nio-192.168.29.119-9191-exec-2] Initializing Servlet 'dispatcherServlet'
2023-05-23 16:36:51,081 INFO org.springframework.web.servlet.FrameworkServlet [http-nio-192.168.29.119-9191-exec-2] Completed initialization in 3 ms
2023-05-23 18:10:02,366 WARN com.zaxxer.hikari.pool.HikariPool$HouseKeeper [HikariPool-1 housekeeper] HikariPool-1 - Thread starvation or clock leap detected (housekeeper delta=5m24s221ms554µs100ns).
2023-05-23 18:11:55,181 WARN com.zaxxer.hikari.pool.HikariPool$HouseKeeper [HikariPool-1 housekeeper] HikariPool-1 - Thread starvation or clock leap detected (housekeeper delta=52s782ms485µs).
2023-05-23 18:13:08,834 WARN com.zaxxer.hikari.pool.HikariPool$HouseKeeper [HikariPool-1 housekeeper] HikariPool-1 - Thread starvation or clock leap detected (housekeeper delta=1m13s652ms945µs200ns).
2023-05-23 18:34:59,399 INFO org.springframework.boot.StartupInfoLogger [restartedMain] Starting RaithannaDairyApplication using Java 17.0.7 on Raam with PID 14324 (C:\Users\devas\Downloads\PO-Modules-main (1)\PO-Modules-main\target\classes started by devas in C:\Users\devas\Downloads\PO-Modules-main (1)\PO-Modules-main)
2023-05-23 18:34:59,403 INFO org.springframework.boot.SpringApplication [restartedMain] No active profile set, falling back to 1 default profile: "default"
2023-05-23 18:34:59,471 INFO org.springframework.boot.logging.DeferredLog [restartedMain] Devtools property defaults active! Set 'spring.devtools.add-properties' to 'false' to disable
2023-05-23 18:34:59,471 INFO org.springframework.boot.logging.DeferredLog [restartedMain] For additional web related logging consider setting the 'logging.level.web' property to 'DEBUG'
2023-05-23 18:35:00,396 INFO org.springframework.data.repository.config.RepositoryConfigurationDelegate [restartedMain] Multiple Spring Data modules found, entering strict repository configuration mode
2023-05-23 18:35:00,402 INFO org.springframework.data.repository.config.RepositoryConfigurationDelegate [restartedMain] Bootstrapping Spring Data JPA repositories in DEFAULT mode.
2023-05-23 18:35:00,609 INFO org.springframework.data.repository.config.RepositoryConfigurationDelegate [restartedMain] Finished Spring Data repository scanning in 194 ms. Found 14 JPA repository interfaces.
2023-05-23 18:35:01,415 INFO org.springframework.boot.web.embedded.tomcat.TomcatWebServer [restartedMain] Tomcat initialized with port(s): 9191 (http)
2023-05-23 18:35:01,428 INFO org.apache.juli.logging.DirectJDKLog [restartedMain] Initializing ProtocolHandler ["http-nio-192.168.29.119-9191"]
2023-05-23 18:35:01,428 INFO org.apache.juli.logging.DirectJDKLog [restartedMain] Starting service [Tomcat]
2023-05-23 18:35:01,428 INFO org.apache.juli.logging.DirectJDKLog [restartedMain] Starting Servlet engine: [Apache Tomcat/9.0.68]
2023-05-23 18:35:01,861 INFO org.apache.juli.logging.DirectJDKLog [restartedMain] Initializing Spring embedded WebApplicationContext
2023-05-23 18:35:01,861 INFO org.springframework.boot.web.servlet.context.ServletWebServerApplicationContext [restartedMain] Root WebApplicationContext: initialization completed in 2388 ms
2023-05-23 18:35:01,963 INFO com.zaxxer.hikari.HikariDataSource [restartedMain] HikariPool-1 - Starting...
2023-05-23 18:35:02,374 INFO com.zaxxer.hikari.HikariDataSource [restartedMain] HikariPool-1 - Start completed.
2023-05-23 18:35:02,569 INFO org.hibernate.jpa.internal.util.LogHelper [restartedMain] HHH000204: Processing PersistenceUnitInfo [name: default]
2023-05-23 18:35:02,651 INFO org.hibernate.Version [restartedMain] HHH000412: Hibernate ORM core version 5.6.12.Final
2023-05-23 18:35:02,846 INFO org.hibernate.annotations.common.reflection.java.JavaReflectionManager [restartedMain] HCANN000001: Hibernate Commons Annotations {5.1.2.Final}
2023-05-23 18:35:03,113 INFO org.hibernate.dialect.Dialect [restartedMain] HHH000400: Using dialect: org.hibernate.dialect.MySQL5InnoDBDialect
2023-05-23 18:35:05,000 INFO org.hibernate.engine.transaction.jta.platform.internal.JtaPlatformInitiator [restartedMain] HHH000490: Using JtaPlatform implementation: [org.hibernate.engine.transaction.jta.platform.internal.NoJtaPlatform]
2023-05-23 18:35:05,017 INFO org.springframework.orm.jpa.AbstractEntityManagerFactoryBean [restartedMain] Initialized JPA EntityManagerFactory for persistence unit 'default'
2023-05-23 18:35:05,748 WARN org.springframework.boot.autoconfigure.orm.jpa.JpaBaseConfiguration$JpaWebConfiguration [restartedMain] spring.jpa.open-in-view is enabled by default. Therefore, database queries may be performed during view rendering. Explicitly configure spring.jpa.open-in-view to disable this warning
2023-05-23 18:35:06,107 INFO com.azure.core.util.logging.ClientLogger [restartedMain] Package versions: jackson-core=2.13.4, jackson-databind=2.13.4-2, jackson-dataformat-xml=2.13.4, jackson-datatype-jsr310=2.13.4, azure-core=1.32.0, Troubleshooting version conflicts: https://aka.ms/azsdk/java/dependency/troubleshoot
2023-05-23 18:35:06,187 INFO com.azure.spring.cloud.core.implementation.factory.AbstractAzureServiceClientBuilderFactory [restartedMain] Will configure the default credential of type DefaultAzureCredential for class com.azure.identity.DefaultAzureCredentialBuilder.
2023-05-23 18:35:06,457 INFO org.springframework.boot.devtools.autoconfigure.OptionalLiveReloadServer [restartedMain] LiveReload server is running on port 35729
2023-05-23 18:35:06,471 INFO org.apache.juli.logging.DirectJDKLog [restartedMain] Starting ProtocolHandler ["http-nio-192.168.29.119-9191"]
2023-05-23 18:35:06,501 INFO org.springframework.boot.web.embedded.tomcat.TomcatWebServer [restartedMain] Tomcat started on port(s): 9191 (http) with context path ''
2023-05-23 18:35:06,516 INFO org.springframework.scheduling.annotation.ScheduledAnnotationBeanPostProcessor [restartedMain] No TaskScheduler/ScheduledExecutorService bean found for scheduled processing
2023-05-23 18:35:06,529 INFO org.springframework.boot.StartupInfoLogger [restartedMain] Started RaithannaDairyApplication in 7.532 seconds (JVM running for 9.042)
2023-05-23 18:36:09,970 INFO org.apache.juli.logging.DirectJDKLog [http-nio-192.168.29.119-9191-exec-1] Initializing Spring DispatcherServlet 'dispatcherServlet'
2023-05-23 18:36:09,971 INFO org.springframework.web.servlet.FrameworkServlet [http-nio-192.168.29.119-9191-exec-1] Initializing Servlet 'dispatcherServlet'
2023-05-23 18:36:09,973 INFO org.springframework.web.servlet.FrameworkServlet [http-nio-192.168.29.119-9191-exec-1] Completed initialization in 2 ms
2023-05-23 18:42:24,121 INFO com.raithanna.dairy.RaithannaDairy.controller.homeContoller [http-nio-192.168.29.119-9191-exec-10] home method info
2023-05-23 18:42:24,122 WARN com.raithanna.dairy.RaithannaDairy.controller.homeContoller [http-nio-192.168.29.119-9191-exec-10] home method warning
2023-05-23 18:42:24,122 ERROR com.raithanna.dairy.RaithannaDairy.controller.homeContoller [http-nio-192.168.29.119-9191-exec-10] home method error
2023-05-23 18:45:10,394 INFO org.springframework.orm.jpa.AbstractEntityManagerFactoryBean [SpringApplicationShutdownHook] Closing JPA EntityManagerFactory for persistence unit 'default'
2023-05-23 18:45:10,403 INFO com.zaxxer.hikari.HikariDataSource [SpringApplicationShutdownHook] HikariPool-1 - Shutdown initiated...
2023-05-23 18:45:10,416 INFO com.zaxxer.hikari.HikariDataSource [SpringApplicationShutdownHook] HikariPool-1 - Shutdown completed.
