2023-05-31 09:54:30,583 INFO org.springframework.boot.StartupInfoLogger [restartedMain] Starting RaithannaDairyApplication using Java 17.0.7 on Raam with PID 9052 (C:\Users\devas\Downloads\PO-Modules-main (1)\PO-Modules-main\target\classes started by devas in C:\Users\devas\Downloads\PO-Modules-main (1)\PO-Modules-main)
2023-05-31 09:54:30,591 INFO org.springframework.boot.SpringApplication [restartedMain] No active profile set, falling back to 1 default profile: "default"
2023-05-31 09:54:30,684 INFO org.springframework.boot.logging.DeferredLog [restartedMain] Devtools property defaults active! Set 'spring.devtools.add-properties' to 'false' to disable
2023-05-31 09:54:30,686 INFO org.springframework.boot.logging.DeferredLog [restartedMain] For additional web related logging consider setting the 'logging.level.web' property to 'DEBUG'
2023-05-31 09:54:31,626 INFO org.springframework.data.repository.config.RepositoryConfigurationDelegate [restartedMain] Multiple Spring Data modules found, entering strict repository configuration mode
2023-05-31 09:54:31,628 INFO org.springframework.data.repository.config.RepositoryConfigurationDelegate [restartedMain] Bootstrapping Spring Data JPA repositories in DEFAULT mode.
2023-05-31 09:54:31,817 INFO org.springframework.data.repository.config.RepositoryConfigurationDelegate [restartedMain] Finished Spring Data repository scanning in 178 ms. Found 14 JPA repository interfaces.
2023-05-31 09:54:32,697 INFO org.springframework.boot.web.embedded.tomcat.TomcatWebServer [restartedMain] Tomcat initialized with port(s): 9191 (http)
2023-05-31 09:54:32,707 INFO org.apache.juli.logging.DirectJDKLog [restartedMain] Initializing ProtocolHandler ["http-nio-192.168.29.119-9191"]
2023-05-31 09:54:32,708 INFO org.apache.juli.logging.DirectJDKLog [restartedMain] Starting service [Tomcat]
2023-05-31 09:54:32,708 INFO org.apache.juli.logging.DirectJDKLog [restartedMain] Starting Servlet engine: [Apache Tomcat/9.0.68]
2023-05-31 09:54:33,105 INFO org.apache.juli.logging.DirectJDKLog [restartedMain] Initializing Spring embedded WebApplicationContext
2023-05-31 09:54:33,105 INFO org.springframework.boot.web.servlet.context.ServletWebServerApplicationContext [restartedMain] Root WebApplicationContext: initialization completed in 2418 ms
2023-05-31 09:54:33,231 INFO com.zaxxer.hikari.HikariDataSource [restartedMain] HikariPool-1 - Starting...
2023-05-31 09:54:33,710 INFO com.zaxxer.hikari.HikariDataSource [restartedMain] HikariPool-1 - Start completed.
2023-05-31 09:54:33,935 INFO org.hibernate.jpa.internal.util.LogHelper [restartedMain] HHH000204: Processing PersistenceUnitInfo [name: default]
2023-05-31 09:54:34,028 INFO org.hibernate.Version [restartedMain] HHH000412: Hibernate ORM core version 5.6.12.Final
2023-05-31 09:54:34,610 INFO org.hibernate.annotations.common.reflection.java.JavaReflectionManager [restartedMain] HCANN000001: Hibernate Commons Annotations {5.1.2.Final}
2023-05-31 09:54:34,744 INFO org.hibernate.dialect.Dialect [restartedMain] HHH000400: Using dialect: org.hibernate.dialect.MySQL5InnoDBDialect
2023-05-31 09:54:35,618 INFO org.hibernate.engine.transaction.jta.platform.internal.JtaPlatformInitiator [restartedMain] HHH000490: Using JtaPlatform implementation: [org.hibernate.engine.transaction.jta.platform.internal.NoJtaPlatform]
2023-05-31 09:54:35,626 INFO org.springframework.orm.jpa.AbstractEntityManagerFactoryBean [restartedMain] Initialized JPA EntityManagerFactory for persistence unit 'default'
2023-05-31 09:54:36,532 WARN org.springframework.boot.autoconfigure.orm.jpa.JpaBaseConfiguration$JpaWebConfiguration [restartedMain] spring.jpa.open-in-view is enabled by default. Therefore, database queries may be performed during view rendering. Explicitly configure spring.jpa.open-in-view to disable this warning
2023-05-31 09:54:36,956 INFO com.azure.core.util.logging.ClientLogger [restartedMain] Package versions: jackson-core=2.13.4, jackson-databind=2.13.4-2, jackson-dataformat-xml=2.13.4, jackson-datatype-jsr310=2.13.4, azure-core=1.32.0, Troubleshooting version conflicts: https://aka.ms/azsdk/java/dependency/troubleshoot
2023-05-31 09:54:37,069 INFO com.azure.spring.cloud.core.implementation.factory.AbstractAzureServiceClientBuilderFactory [restartedMain] Will configure the default credential of type DefaultAzureCredential for class com.azure.identity.DefaultAzureCredentialBuilder.
2023-05-31 09:54:37,369 INFO org.springframework.boot.devtools.autoconfigure.OptionalLiveReloadServer [restartedMain] LiveReload server is running on port 35729
2023-05-31 09:54:37,389 INFO org.apache.juli.logging.DirectJDKLog [restartedMain] Starting ProtocolHandler ["http-nio-192.168.29.119-9191"]
2023-05-31 09:54:37,425 INFO org.springframework.boot.web.embedded.tomcat.TomcatWebServer [restartedMain] Tomcat started on port(s): 9191 (http) with context path ''
2023-05-31 09:54:37,440 INFO org.springframework.scheduling.annotation.ScheduledAnnotationBeanPostProcessor [restartedMain] No TaskScheduler/ScheduledExecutorService bean found for scheduled processing
2023-05-31 09:54:37,450 INFO org.springframework.boot.StartupInfoLogger [restartedMain] Started RaithannaDairyApplication in 7.284 seconds (JVM running for 8.588)
2023-05-31 09:56:02,480 INFO org.apache.juli.logging.DirectJDKLog [http-nio-192.168.29.119-9191-exec-1] Initializing Spring DispatcherServlet 'dispatcherServlet'
2023-05-31 09:56:02,481 INFO org.springframework.web.servlet.FrameworkServlet [http-nio-192.168.29.119-9191-exec-1] Initializing Servlet 'dispatcherServlet'
2023-05-31 09:56:02,482 INFO org.springframework.web.servlet.FrameworkServlet [http-nio-192.168.29.119-9191-exec-1] Completed initialization in 1 ms
2023-05-31 14:04:40,990 WARN com.zaxxer.hikari.pool.HikariPool$HouseKeeper [HikariPool-1 housekeeper] HikariPool-1 - Thread starvation or clock leap detected (housekeeper delta=43m48s915ms194µs300ns).
2023-05-31 14:14:17,320 WARN com.zaxxer.hikari.pool.HikariPool$HouseKeeper [HikariPool-1 housekeeper] HikariPool-1 - Thread starvation or clock leap detected (housekeeper delta=1m36s160ms773µs500ns).
2023-05-31 14:55:37,042 WARN com.zaxxer.hikari.pool.HikariPool$HouseKeeper [HikariPool-1 housekeeper] HikariPool-1 - Thread starvation or clock leap detected (housekeeper delta=24m49s477ms800µs800ns).
2023-05-31 15:10:45,352 WARN com.zaxxer.hikari.pool.HikariPool$HouseKeeper [HikariPool-1 housekeeper] HikariPool-1 - Thread starvation or clock leap detected (housekeeper delta=3m38s149ms289µs400ns).
2023-05-31 15:56:20,887 WARN com.zaxxer.hikari.pool.HikariPool$HouseKeeper [HikariPool-1 housekeeper] HikariPool-1 - Thread starvation or clock leap detected (housekeeper delta=6m34s889ms451µs800ns).
2023-05-31 16:10:36,746 WARN com.zaxxer.hikari.pool.HikariPool$HouseKeeper [HikariPool-1 housekeeper] HikariPool-1 - Thread starvation or clock leap detected (housekeeper delta=11m15s827ms312µs400ns).
2023-05-31 16:29:38,769 WARN com.zaxxer.hikari.pool.HikariPool$HouseKeeper [HikariPool-1 housekeeper] HikariPool-1 - Thread starvation or clock leap detected (housekeeper delta=7m1s868ms656µs700ns).
2023-05-31 16:50:02,517 WARN com.zaxxer.hikari.pool.HikariPool$HouseKeeper [HikariPool-1 housekeeper] HikariPool-1 - Thread starvation or clock leap detected (housekeeper delta=4m53s513ms639µs900ns).
2023-05-31 17:20:12,456 WARN com.zaxxer.hikari.pool.HikariPool$HouseKeeper [HikariPool-1 housekeeper] HikariPool-1 - Thread starvation or clock leap detected (housekeeper delta=7m39s610ms579µs600ns).
2023-05-31 17:32:54,494 INFO org.springframework.orm.jpa.AbstractEntityManagerFactoryBean [SpringApplicationShutdownHook] Closing JPA EntityManagerFactory for persistence unit 'default'
2023-05-31 17:32:54,504 INFO com.zaxxer.hikari.HikariDataSource [SpringApplicationShutdownHook] HikariPool-1 - Shutdown initiated...
2023-05-31 17:32:54,517 INFO com.zaxxer.hikari.HikariDataSource [SpringApplicationShutdownHook] HikariPool-1 - Shutdown completed.
2023-05-31 17:33:10,665 INFO org.springframework.boot.StartupInfoLogger [restartedMain] Starting RaithannaDairyApplication using Java 17.0.7 on Raam with PID 8844 (C:\Users\devas\Downloads\PO-Modules-main (1)\PO-Modules-main\target\classes started by devas in C:\Users\devas\Downloads\PO-Modules-main (1)\PO-Modules-main)
2023-05-31 17:33:10,672 INFO org.springframework.boot.SpringApplication [restartedMain] No active profile set, falling back to 1 default profile: "default"
2023-05-31 17:33:10,767 INFO org.springframework.boot.logging.DeferredLog [restartedMain] Devtools property defaults active! Set 'spring.devtools.add-properties' to 'false' to disable
2023-05-31 17:33:10,767 INFO org.springframework.boot.logging.DeferredLog [restartedMain] For additional web related logging consider setting the 'logging.level.web' property to 'DEBUG'
2023-05-31 17:33:12,051 INFO org.springframework.data.repository.config.RepositoryConfigurationDelegate [restartedMain] Multiple Spring Data modules found, entering strict repository configuration mode
2023-05-31 17:33:12,055 INFO org.springframework.data.repository.config.RepositoryConfigurationDelegate [restartedMain] Bootstrapping Spring Data JPA repositories in DEFAULT mode.
2023-05-31 17:33:12,331 INFO org.springframework.data.repository.config.RepositoryConfigurationDelegate [restartedMain] Finished Spring Data repository scanning in 263 ms. Found 14 JPA repository interfaces.
2023-05-31 17:33:13,513 INFO org.springframework.boot.web.embedded.tomcat.TomcatWebServer [restartedMain] Tomcat initialized with port(s): 9191 (http)
2023-05-31 17:33:13,530 INFO org.apache.juli.logging.DirectJDKLog [restartedMain] Initializing ProtocolHandler ["http-nio-192.168.29.119-9191"]
2023-05-31 17:33:13,531 INFO org.apache.juli.logging.DirectJDKLog [restartedMain] Starting service [Tomcat]
2023-05-31 17:33:13,532 INFO org.apache.juli.logging.DirectJDKLog [restartedMain] Starting Servlet engine: [Apache Tomcat/9.0.68]
2023-05-31 17:33:14,228 INFO org.apache.juli.logging.DirectJDKLog [restartedMain] Initializing Spring embedded WebApplicationContext
2023-05-31 17:33:14,228 INFO org.springframework.boot.web.servlet.context.ServletWebServerApplicationContext [restartedMain] Root WebApplicationContext: initialization completed in 3460 ms
2023-05-31 17:33:14,408 INFO com.zaxxer.hikari.HikariDataSource [restartedMain] HikariPool-1 - Starting...
2023-05-31 17:33:15,008 INFO com.zaxxer.hikari.HikariDataSource [restartedMain] HikariPool-1 - Start completed.
2023-05-31 17:33:15,289 INFO org.hibernate.jpa.internal.util.LogHelper [restartedMain] HHH000204: Processing PersistenceUnitInfo [name: default]
2023-05-31 17:33:15,382 INFO org.hibernate.Version [restartedMain] HHH000412: Hibernate ORM core version 5.6.12.Final
2023-05-31 17:33:15,671 INFO org.hibernate.annotations.common.reflection.java.JavaReflectionManager [restartedMain] HCANN000001: Hibernate Commons Annotations {5.1.2.Final}
2023-05-31 17:33:15,877 INFO org.hibernate.dialect.Dialect [restartedMain] HHH000400: Using dialect: org.hibernate.dialect.MySQL5InnoDBDialect
2023-05-31 17:33:17,010 INFO org.hibernate.engine.transaction.jta.platform.internal.JtaPlatformInitiator [restartedMain] HHH000490: Using JtaPlatform implementation: [org.hibernate.engine.transaction.jta.platform.internal.NoJtaPlatform]
2023-05-31 17:33:17,020 INFO org.springframework.orm.jpa.AbstractEntityManagerFactoryBean [restartedMain] Initialized JPA EntityManagerFactory for persistence unit 'default'
2023-05-31 17:33:18,073 WARN org.springframework.boot.autoconfigure.orm.jpa.JpaBaseConfiguration$JpaWebConfiguration [restartedMain] spring.jpa.open-in-view is enabled by default. Therefore, database queries may be performed during view rendering. Explicitly configure spring.jpa.open-in-view to disable this warning
2023-05-31 17:33:18,644 INFO com.azure.core.util.logging.ClientLogger [restartedMain] Package versions: jackson-core=2.13.4, jackson-databind=2.13.4-2, jackson-dataformat-xml=2.13.4, jackson-datatype-jsr310=2.13.4, azure-core=1.32.0, Troubleshooting version conflicts: https://aka.ms/azsdk/java/dependency/troubleshoot
2023-05-31 17:33:18,778 INFO com.azure.spring.cloud.core.implementation.factory.AbstractAzureServiceClientBuilderFactory [restartedMain] Will configure the default credential of type DefaultAzureCredential for class com.azure.identity.DefaultAzureCredentialBuilder.
2023-05-31 17:33:19,171 INFO org.springframework.boot.devtools.autoconfigure.OptionalLiveReloadServer [restartedMain] LiveReload server is running on port 35729
2023-05-31 17:33:19,197 INFO org.apache.juli.logging.DirectJDKLog [restartedMain] Starting ProtocolHandler ["http-nio-192.168.29.119-9191"]
2023-05-31 17:33:19,231 INFO org.springframework.boot.web.embedded.tomcat.TomcatWebServer [restartedMain] Tomcat started on port(s): 9191 (http) with context path ''
2023-05-31 17:33:19,253 INFO org.springframework.scheduling.annotation.ScheduledAnnotationBeanPostProcessor [restartedMain] No TaskScheduler/ScheduledExecutorService bean found for scheduled processing
2023-05-31 17:33:19,265 INFO org.springframework.boot.StartupInfoLogger [restartedMain] Started RaithannaDairyApplication in 9.177 seconds (JVM running for 11.001)
2023-05-31 17:33:47,610 INFO org.apache.juli.logging.DirectJDKLog [http-nio-192.168.29.119-9191-exec-2] Initializing Spring DispatcherServlet 'dispatcherServlet'
2023-05-31 17:33:47,611 INFO org.springframework.web.servlet.FrameworkServlet [http-nio-192.168.29.119-9191-exec-2] Initializing Servlet 'dispatcherServlet'
2023-05-31 17:33:47,614 INFO org.springframework.web.servlet.FrameworkServlet [http-nio-192.168.29.119-9191-exec-2] Completed initialization in 2 ms
2023-05-31 18:23:17,772 WARN com.zaxxer.hikari.pool.HikariPool$HouseKeeper [HikariPool-1 housekeeper] HikariPool-1 - Thread starvation or clock leap detected (housekeeper delta=35m32s417ms260µs900ns).
2023-05-31 18:23:19,083 INFO org.springframework.orm.jpa.AbstractEntityManagerFactoryBean [SpringApplicationShutdownHook] Closing JPA EntityManagerFactory for persistence unit 'default'
2023-05-31 18:23:19,106 INFO com.zaxxer.hikari.HikariDataSource [SpringApplicationShutdownHook] HikariPool-1 - Shutdown initiated...
2023-05-31 18:23:19,114 INFO com.zaxxer.hikari.HikariDataSource [SpringApplicationShutdownHook] HikariPool-1 - Shutdown completed.
